<?xml version="1.0" encoding="UTF-8"?>
<testng-results skipped="0" failed="0" ignored="0" total="1" passed="1">
  <reporter-output>
  </reporter-output>
  <suite name="test" duration-ms="23851" started-at="2019-06-23T10:52:32Z" finished-at="2019-06-23T10:52:56Z">
    <groups>
    </groups>
    <test name="MusicCloudTest" duration-ms="23851" started-at="2019-06-23T10:52:32Z" finished-at="2019-06-23T10:52:56Z">
      <class name="com.testing.seleniumDemo.seleniumDemo.MusicCloudTest">
        <test-method status="PASS" signature="beforeTest()[pri:0, instance:com.testing.seleniumDemo.seleniumDemo.MusicCloudTest@74aa513b]" name="beforeTest" is-config="true" duration-ms="5039" started-at="2019-06-23T10:52:32Z" finished-at="2019-06-23T10:52:37Z">
          <reporter-output>
          </reporter-output>
        </test-method> <!-- beforeTest -->
        <test-method status="PASS" signature="f1(java.lang.String, java.lang.String, org.openqa.selenium.By, org.openqa.selenium.By, java.lang.String)[pri:0, instance:com.testing.seleniumDemo.seleniumDemo.MusicCloudTest@74aa513b]" name="f1" duration-ms="17680" started-at="2019-06-23T10:52:37Z" data-provider="data1" finished-at="2019-06-23T10:52:55Z">
          <params>
            <param index="0">
              <value>
                <![CDATA[非登录状态，发表评论失败]]>
              </value>
            </param>
            <param index="1">
              <value>
                <![CDATA[https://music.163.com/#/song?id=29099236]]>
              </value>
            </param>
            <param index="2">
              <value>
                <![CDATA[By.className: area]]>
              </value>
            </param>
            <param index="3">
              <value>
                <![CDATA[By.className: n-log2]]>
              </value>
            </param>
            <param index="4">
              <value>
                <![CDATA[手机号登录]]>
              </value>
            </param>
          </params>
          <reporter-output>
          </reporter-output>
        </test-method> <!-- f1 -->
        <test-method status="PASS" signature="afterTest()[pri:0, instance:com.testing.seleniumDemo.seleniumDemo.MusicCloudTest@74aa513b]" name="afterTest" is-config="true" duration-ms="1098" started-at="2019-06-23T10:52:55Z" finished-at="2019-06-23T10:52:56Z">
          <reporter-output>
          </reporter-output>
        </test-method> <!-- afterTest -->
      </class> <!-- com.testing.seleniumDemo.seleniumDemo.MusicCloudTest -->
    </test> <!-- MusicCloudTest -->
  </suite> <!-- test -->
</testng-results>
